{
  "stats": {
    "suites": 1,
    "tests": 3,
    "passes": 3,
    "pending": 0,
    "failures": 0,
    "start": "2025-02-27T22:17:27.338Z",
    "end": "2025-02-27T22:17:54.913Z",
    "duration": 27575,
    "testsRegistered": 3,
    "passPercent": 100,
    "pendingPercent": 0,
    "other": 0,
    "hasOther": false,
    "skipped": 0,
    "hasSkipped": false
  },
  "results": [
    {
      "uuid": "0ad17435-d08c-471c-bc67-2fa08279f603",
      "title": "",
      "fullFile": "cypress\\e2e\\test.cy.js",
      "file": "cypress\\e2e\\test.cy.js",
      "beforeHooks": [],
      "afterHooks": [],
      "tests": [],
      "suites": [
        {
          "uuid": "a53c7ada-ac6f-40de-8cfd-8666e842a0fb",
          "title": "Jupiter Toys - Contact Form Validation & Shopping Cart Verification",
          "fullFile": "",
          "file": "",
          "beforeHooks": [],
          "afterHooks": [],
          "tests": [
            {
              "title": "Test Case 1: Verify Error Messages for Mandatory Fields",
              "fullTitle": "Jupiter Toys - Contact Form Validation & Shopping Cart Verification Test Case 1: Verify Error Messages for Mandatory Fields",
              "timedOut": null,
              "duration": 4033,
              "state": "passed",
              "speed": "fast",
              "pass": true,
              "fail": false,
              "pending": false,
              "context": null,
              "code": "// Navigate to the \"Contact\" page.\nContactPage.clickMenuButton(\"Contact\");\n// Click the Submit button without filling the form.\nContactPage.clickSubmitButton();\n// Verify error messages for required fields.\nContactPage.verifyErrorMessage('Forename', 'Forename is required');\nContactPage.verifyErrorMessage('Email', 'Email is required');\nContactPage.verifyErrorMessage('Message', 'Message is required');\n// Enter valid details in the fields.  \nContactPage.enterText(\"Forename\", \"John\");\nContactPage.enterText(\"Email\", \"test@test.com\");\nContactPage.enterText(\"Message\", \"test message\");\n// Verify error messages for required fields.\nContactPage.verifyNoErrorMessage('Forename', 'Forename is required');\nContactPage.verifyNoErrorMessage('Email', 'Email is required');\nContactPage.verifyNoErrorMessage('Message', 'Message is required');",
              "err": {},
              "uuid": "27d5834e-1496-4373-af40-5f6d811a4b7a",
              "parentUUID": "a53c7ada-ac6f-40de-8cfd-8666e842a0fb",
              "isHook": false,
              "skipped": false
            },
            {
              "title": "Test Case 2: Verify Successful Contact Form Submission",
              "fullTitle": "Jupiter Toys - Contact Form Validation & Shopping Cart Verification Test Case 2: Verify Successful Contact Form Submission",
              "timedOut": null,
              "duration": 21138,
              "state": "passed",
              "speed": "slow",
              "pass": true,
              "fail": false,
              "pending": false,
              "context": null,
              "code": "// Navigate to the \"Contact\" page.\nContactPage.clickMenuButton(\"Contact\");\n// Submitting the contact form 5 times using Cypress _.times()\nCypress._.times(5, () => {\n  ContactPage.enterText(\"Forename\", \"John\");\n  ContactPage.enterText(\"Email\", \"test@test.com\");\n  ContactPage.enterText(\"Message\", \"test message\");\n  // Click Submit button and verify success message. \n  ContactPage.clickSubmitButton();\n  ContactPage.verifySuccessMessage(\"Thanks John\");\n});",
              "err": {},
              "uuid": "9b01664d-bf87-4ec2-b7ba-e56b6372384a",
              "parentUUID": "a53c7ada-ac6f-40de-8cfd-8666e842a0fb",
              "isHook": false,
              "skipped": false
            },
            {
              "title": "Test Case 3: Verify Cart Item Prices, Subtotals, and Total Amount",
              "fullTitle": "Jupiter Toys - Contact Form Validation & Shopping Cart Verification Test Case 3: Verify Cart Item Prices, Subtotals, and Total Amount",
              "timedOut": null,
              "duration": 2291,
              "state": "passed",
              "speed": "fast",
              "pass": true,
              "fail": false,
              "pending": false,
              "context": null,
              "code": "// Navigate to the \"Shop\" page.\nContactPage.clickMenuButton(\"Shop\");\n// Navigate to the \"Cart\" page and add items to cart.  \nShopPage.addItemsToCart('Stuffed Frog', 'Fluffy Bunny', 'Valentine Bear');\n// Navigate to the \"Cart\" page.\nContactPage.clickMenuButton(\"Cart\");\n// Verify cart values such as price, subtotal, and total after updating  quantity field.  \nCartPage.verifyCartValues();",
              "err": {},
              "uuid": "eb4d9489-0e2f-40b4-bcc0-da2971c4127e",
              "parentUUID": "a53c7ada-ac6f-40de-8cfd-8666e842a0fb",
              "isHook": false,
              "skipped": false
            }
          ],
          "suites": [],
          "passes": [
            "27d5834e-1496-4373-af40-5f6d811a4b7a",
            "9b01664d-bf87-4ec2-b7ba-e56b6372384a",
            "eb4d9489-0e2f-40b4-bcc0-da2971c4127e"
          ],
          "failures": [],
          "pending": [],
          "skipped": [],
          "duration": 27462,
          "root": false,
          "rootEmpty": false,
          "_timeout": 2000
        }
      ],
      "passes": [],
      "failures": [],
      "pending": [],
      "skipped": [],
      "duration": 0,
      "root": true,
      "rootEmpty": true,
      "_timeout": 2000
    }
  ],
  "meta": {
    "mocha": {
      "version": "7.0.1"
    },
    "mochawesome": {
      "options": {
        "quiet": false,
        "reportFilename": "report.html",
        "saveHtml": true,
        "saveJson": true,
        "consoleReporter": "spec",
        "useInlineDiffs": false,
        "code": true
      },
      "version": "7.1.3"
    },
    "marge": {
      "options": {
        "reportDir": "cypress/reports",
        "reportFilename": "report.html"
      },
      "version": "6.2.0"
    }
  }
}